{"level":"info","fileLogging":true,"jsonLogOutput":true,"logDirectory":"/home/ibanrama/Documents/Developments/golang/dev/src/technical-test-pt-zahir-international/internal/logs","fileName":"logging.log","maxSizeMB":200000000,"maxBackups":2000,"maxAgeInDays":2000,"time":"2023-06-21T14:08:29+07:00","message":"logging configured"}
{"level":"info","time":"2023-06-21T14:08:29+07:00","message":"mysql started"}
{"level":"info","fileLogging":true,"jsonLogOutput":true,"logDirectory":"/home/ibanrama/Documents/Developments/golang/dev/src/technical-test-pt-zahir-international/internal/logs","fileName":"logging.log","maxSizeMB":200000000,"maxBackups":2000,"maxAgeInDays":2000,"time":"2023-06-21T14:10:46+07:00","message":"logging configured"}
{"level":"info","time":"2023-06-21T14:10:46+07:00","message":"mysql started"}
{"level":"warn","time":"2023-06-21T14:10:47+07:00","message":"cannot parser : unexpected end of JSON input"}
{"level":"info","fileLogging":true,"jsonLogOutput":true,"logDirectory":"/home/ibanrama/Documents/Developments/golang/dev/src/technical-test-pt-zahir-international/internal/logs","fileName":"logging.log","maxSizeMB":200000000,"maxBackups":2000,"maxAgeInDays":2000,"time":"2023-06-21T14:12:03+07:00","message":"logging configured"}
{"level":"info","time":"2023-06-21T14:12:03+07:00","message":"mysql started"}
{"level":"warn","time":"2023-06-21T14:12:06+07:00","message":"cannot parser : unexpected end of JSON input"}
{"level":"info","fileLogging":true,"jsonLogOutput":true,"logDirectory":"/home/ibanrama/Documents/Developments/golang/dev/src/technical-test-pt-zahir-international/internal/logs","fileName":"logging.log","maxSizeMB":200000000,"maxBackups":2000,"maxAgeInDays":2000,"time":"2023-06-21T14:12:59+07:00","message":"logging configured"}
{"level":"info","time":"2023-06-21T14:12:59+07:00","message":"mysql started"}
{"level":"warn","time":"2023-06-21T14:13:01+07:00","message":"cannot parser : unexpected end of JSON input"}
{"level":"warn","time":"2023-06-21T14:14:17+07:00","message":"cannot parser : json: cannot unmarshal number into Go struct field CreateProfileRequest.phone of type string"}
{"level":"error","error":"Error 1064 (42000): You have an error in your SQL syntax; check the manual that corresponds to your MariaDB server version for the right syntax to use near '?parseTime = true' at line 1","time":"2023-06-21T14:14:26+07:00","message":"cannot start tx"}
{"level":"info","fileLogging":true,"jsonLogOutput":true,"logDirectory":"/home/ibanrama/Documents/Developments/golang/dev/src/technical-test-pt-zahir-international/internal/logs","fileName":"logging.log","maxSizeMB":200000000,"maxBackups":2000,"maxAgeInDays":2000,"time":"2023-06-21T14:14:38+07:00","message":"logging configured"}
{"level":"info","time":"2023-06-21T14:14:38+07:00","message":"mysql started"}
{"level":"error","error":"400: map[%!d(string=email):map[%!d(string=unique):%!d(string=email is alvailable)]]","time":"2023-06-21T14:14:45+07:00","message":"error"}
{"level":"info","fileLogging":true,"jsonLogOutput":true,"logDirectory":"/home/ibanrama/Documents/Developments/golang/dev/src/technical-test-pt-zahir-international/internal/logs","fileName":"logging.log","maxSizeMB":200000000,"maxBackups":2000,"maxAgeInDays":2000,"time":"2023-06-21T14:19:04+07:00","message":"logging configured"}
{"level":"info","time":"2023-06-21T14:19:04+07:00","message":"mysql started"}
{"level":"warn","time":"2023-06-21T14:19:13+07:00","message":"cannot parser : unexpected end of JSON input"}
{"level":"warn","time":"2023-06-21T14:19:21+07:00","message":"cannot parser : json: cannot unmarshal bool into Go struct field CreateProfileRequest.email of type string"}
{"level":"info","fileLogging":true,"jsonLogOutput":true,"logDirectory":"/home/ibanrama/Documents/Developments/golang/dev/src/technical-test-pt-zahir-international/internal/logs","fileName":"logging.log","maxSizeMB":200000000,"maxBackups":2000,"maxAgeInDays":2000,"time":"2023-06-21T15:45:47+07:00","message":"logging configured"}
{"level":"info","time":"2023-06-21T15:45:47+07:00","message":"mysql started"}
{"level":"error","error":"400: map[%!d(string=email):map[%!d(string=unique):%!d(string=email is alvailable)]]","time":"2023-06-21T15:46:01+07:00","message":"error"}
{"level":"info","fileLogging":true,"jsonLogOutput":true,"logDirectory":"/home/ibanrama/Documents/Developments/golang/dev/src/technical-test-pt-zahir-international/internal/logs","fileName":"logging.log","maxSizeMB":200000000,"maxBackups":2000,"maxAgeInDays":2000,"time":"2023-06-21T15:46:13+07:00","message":"logging configured"}
{"level":"info","time":"2023-06-21T15:46:13+07:00","message":"mysql started"}
{"level":"error","error":"404: %!d(string=profile not found)","time":"2023-06-21T15:46:15+07:00","message":"error"}
{"level":"error","error":"400: map[%!d(string=email):map[%!d(string=unique):%!d(string=email is alvailable)]]","time":"2023-06-21T15:46:30+07:00","message":"error"}
{"level":"fatal","time":"2023-06-21T15:46:45+07:00","message":"error query context : driver: bad connection"}
{"level":"info","fileLogging":true,"jsonLogOutput":true,"logDirectory":"/home/ibanrama/Documents/Developments/golang/dev/src/technical-test-pt-zahir-international/internal/logs","fileName":"logging.log","maxSizeMB":200000000,"maxBackups":2000,"maxAgeInDays":2000,"time":"2023-06-21T15:47:00+07:00","message":"logging configured"}
{"level":"info","time":"2023-06-21T15:47:00+07:00","message":"mysql started"}
{"level":"fatal","time":"2023-06-21T15:47:02+07:00","message":"error query context : driver: bad connection"}
{"level":"info","fileLogging":true,"jsonLogOutput":true,"logDirectory":"/home/ibanrama/Documents/Developments/golang/dev/src/technical-test-pt-zahir-international/internal/logs","fileName":"logging.log","maxSizeMB":200000000,"maxBackups":2000,"maxAgeInDays":2000,"time":"2023-06-21T15:47:29+07:00","message":"logging configured"}
{"level":"info","time":"2023-06-21T15:47:29+07:00","message":"mysql started"}
{"level":"info","fileLogging":true,"jsonLogOutput":true,"logDirectory":"/home/ibanrama/Documents/Developments/golang/dev/src/technical-test-pt-zahir-international/internal/logs","fileName":"logging.log","maxSizeMB":200000000,"maxBackups":2000,"maxAgeInDays":2000,"time":"2023-06-21T15:48:32+07:00","message":"logging configured"}
{"level":"info","time":"2023-06-21T15:48:32+07:00","message":"mysql started"}
{"level":"fatal","time":"2023-06-21T15:48:34+07:00","message":"error query context : driver: bad connection"}
{"level":"info","fileLogging":true,"jsonLogOutput":true,"logDirectory":"/home/ibanrama/Documents/Developments/golang/dev/src/technical-test-pt-zahir-international/internal/logs","fileName":"logging.log","maxSizeMB":200000000,"maxBackups":2000,"maxAgeInDays":2000,"time":"2023-06-21T15:48:53+07:00","message":"logging configured"}
{"level":"info","time":"2023-06-21T15:48:53+07:00","message":"mysql started"}
{"level":"fatal","time":"2023-06-21T15:48:56+07:00","message":"error query context : driver: bad connection"}
{"level":"info","fileLogging":true,"jsonLogOutput":true,"logDirectory":"/home/ibanrama/Documents/Developments/golang/dev/src/technical-test-pt-zahir-international/internal/logs","fileName":"logging.log","maxSizeMB":200000000,"maxBackups":2000,"maxAgeInDays":2000,"time":"2023-06-21T15:48:59+07:00","message":"logging configured"}
{"level":"info","time":"2023-06-21T15:48:59+07:00","message":"mysql started"}
{"level":"fatal","time":"2023-06-21T15:49:00+07:00","message":"error query context : driver: bad connection"}
{"level":"info","fileLogging":true,"jsonLogOutput":true,"logDirectory":"/home/ibanrama/Documents/Developments/golang/dev/src/technical-test-pt-zahir-international/internal/logs","fileName":"logging.log","maxSizeMB":200000000,"maxBackups":2000,"maxAgeInDays":2000,"time":"2023-06-21T15:50:04+07:00","message":"logging configured"}
{"level":"info","time":"2023-06-21T15:50:04+07:00","message":"mysql started"}
{"level":"fatal","time":"2023-06-21T15:50:06+07:00","message":"error query context : driver: bad connection"}
{"level":"info","fileLogging":true,"jsonLogOutput":true,"logDirectory":"/home/ibanrama/Documents/Developments/golang/dev/src/technical-test-pt-zahir-international/internal/logs","fileName":"logging.log","maxSizeMB":200000000,"maxBackups":2000,"maxAgeInDays":2000,"time":"2023-06-21T15:50:57+07:00","message":"logging configured"}
{"level":"info","time":"2023-06-21T15:50:57+07:00","message":"mysql started"}
{"level":"error","error":"driver: bad connection","time":"2023-06-21T15:50:59+07:00","message":"error query context : driver: bad connection"}
{"level":"error","error":"driver: bad connection","time":"2023-06-21T15:50:59+07:00","message":"error"}
{"level":"error","error":"invalid connection","time":"2023-06-21T15:50:59+07:00","message":"error in rollback"}
{"level":"info","fileLogging":true,"jsonLogOutput":true,"logDirectory":"/home/ibanrama/Documents/Developments/golang/dev/src/technical-test-pt-zahir-international/internal/logs","fileName":"logging.log","maxSizeMB":200000000,"maxBackups":2000,"maxAgeInDays":2000,"time":"2023-06-21T15:52:39+07:00","message":"logging configured"}
{"level":"info","time":"2023-06-21T15:52:39+07:00","message":"mysql started"}
{"level":"info","fileLogging":true,"jsonLogOutput":true,"logDirectory":"/home/ibanrama/Documents/Developments/golang/dev/src/technical-test-pt-zahir-international/internal/logs","fileName":"logging.log","maxSizeMB":200000000,"maxBackups":2000,"maxAgeInDays":2000,"time":"2023-06-21T15:53:32+07:00","message":"logging configured"}
{"level":"info","time":"2023-06-21T15:53:32+07:00","message":"mysql started"}
{"level":"fatal","time":"2023-06-21T15:53:33+07:00","message":"error exec context : driver: bad connection"}
{"level":"info","fileLogging":true,"jsonLogOutput":true,"logDirectory":"/home/ibanrama/Documents/Developments/golang/dev/src/technical-test-pt-zahir-international/internal/logs","fileName":"logging.log","maxSizeMB":200000000,"maxBackups":2000,"maxAgeInDays":2000,"time":"2023-06-21T15:53:42+07:00","message":"logging configured"}
{"level":"info","time":"2023-06-21T15:53:42+07:00","message":"mysql started"}
{"level":"error","error":"driver: bad connection","time":"2023-06-21T15:53:43+07:00","message":"error exec context : driver: bad connection"}
{"level":"error","error":"driver: bad connection","time":"2023-06-21T15:53:43+07:00","message":"error"}
{"level":"error","error":"invalid connection","time":"2023-06-21T15:53:43+07:00","message":"error in rollback"}
{"level":"info","fileLogging":true,"jsonLogOutput":true,"logDirectory":"/home/ibanrama/Documents/Developments/golang/dev/src/technical-test-pt-zahir-international/internal/logs","fileName":"logging.log","maxSizeMB":200000000,"maxBackups":2000,"maxAgeInDays":2000,"time":"2023-06-21T15:54:30+07:00","message":"logging configured"}
{"level":"info","time":"2023-06-21T15:54:30+07:00","message":"mysql started"}
{"level":"error","error":"driver: bad connection","time":"2023-06-21T15:54:31+07:00","message":"error exec context : driver: bad connection"}
{"level":"error","error":"driver: bad connection","time":"2023-06-21T15:54:31+07:00","message":"error"}
{"level":"error","error":"invalid connection","time":"2023-06-21T15:54:31+07:00","message":"error in rollback"}
{"level":"info","fileLogging":true,"jsonLogOutput":true,"logDirectory":"/home/ibanrama/Documents/Developments/golang/dev/src/technical-test-pt-zahir-international/internal/logs","fileName":"logging.log","maxSizeMB":200000000,"maxBackups":2000,"maxAgeInDays":2000,"time":"2023-06-21T15:56:07+07:00","message":"logging configured"}
{"level":"info","time":"2023-06-21T15:56:07+07:00","message":"mysql started"}
{"level":"info","fileLogging":true,"jsonLogOutput":true,"logDirectory":"/home/ibanrama/Documents/Developments/golang/dev/src/technical-test-pt-zahir-international/internal/logs","fileName":"logging.log","maxSizeMB":200000000,"maxBackups":2000,"maxAgeInDays":2000,"time":"2023-06-21T15:57:16+07:00","message":"logging configured"}
{"level":"info","time":"2023-06-21T15:57:16+07:00","message":"mysql started"}
{"level":"info","fileLogging":true,"jsonLogOutput":true,"logDirectory":"/home/ibanrama/Documents/Developments/golang/dev/src/technical-test-pt-zahir-international/internal/logs","fileName":"logging.log","maxSizeMB":200000000,"maxBackups":2000,"maxAgeInDays":2000,"time":"2023-06-21T16:01:02+07:00","message":"logging configured"}
{"level":"info","time":"2023-06-21T16:01:02+07:00","message":"mysql started"}
{"level":"error","error":"404: %!d(string=profile not found)","time":"2023-06-21T16:01:05+07:00","message":"error"}
{"level":"error","error":"driver: bad connection","time":"2023-06-21T16:01:16+07:00","message":"error exec context : driver: bad connection"}
{"level":"error","error":"driver: bad connection","time":"2023-06-21T16:01:16+07:00","message":"error"}
{"level":"error","error":"invalid connection","time":"2023-06-21T16:01:16+07:00","message":"error in rollback"}
{"level":"info","fileLogging":true,"jsonLogOutput":true,"logDirectory":"/home/ibanrama/Documents/Developments/golang/dev/src/technical-test-pt-zahir-international/internal/logs","fileName":"logging.log","maxSizeMB":200000000,"maxBackups":2000,"maxAgeInDays":2000,"time":"2023-06-21T16:01:49+07:00","message":"logging configured"}
{"level":"info","time":"2023-06-21T16:01:49+07:00","message":"mysql started"}
{"level":"error","error":"driver: bad connection","time":"2023-06-21T16:01:50+07:00","message":"error exec context : driver: bad connection"}
{"level":"error","error":"driver: bad connection","time":"2023-06-21T16:01:50+07:00","message":"error"}
{"level":"error","error":"invalid connection","time":"2023-06-21T16:01:50+07:00","message":"error in rollback"}
{"level":"info","fileLogging":true,"jsonLogOutput":true,"logDirectory":"/home/ibanrama/Documents/Developments/golang/dev/src/technical-test-pt-zahir-international/internal/logs","fileName":"logging.log","maxSizeMB":200000000,"maxBackups":2000,"maxAgeInDays":2000,"time":"2023-06-21T16:03:12+07:00","message":"logging configured"}
{"level":"info","time":"2023-06-21T16:03:12+07:00","message":"mysql started"}
{"level":"error","error":"driver: bad connection","time":"2023-06-21T16:03:15+07:00","message":"error exec context : driver: bad connection"}
{"level":"error","error":"driver: bad connection","time":"2023-06-21T16:03:15+07:00","message":"error"}
{"level":"error","error":"invalid connection","time":"2023-06-21T16:03:15+07:00","message":"error in rollback"}
{"level":"info","fileLogging":true,"jsonLogOutput":true,"logDirectory":"/home/ibanrama/Documents/Developments/golang/dev/src/technical-test-pt-zahir-international/internal/logs","fileName":"logging.log","maxSizeMB":200000000,"maxBackups":2000,"maxAgeInDays":2000,"time":"2023-06-21T16:03:52+07:00","message":"logging configured"}
{"level":"info","time":"2023-06-21T16:03:52+07:00","message":"mysql started"}
{"level":"error","error":"driver: bad connection","time":"2023-06-21T16:03:53+07:00","message":"error exec context : driver: bad connection"}
{"level":"error","error":"driver: bad connection","time":"2023-06-21T16:03:53+07:00","message":"error"}
{"level":"error","error":"invalid connection","time":"2023-06-21T16:03:53+07:00","message":"error in rollback"}
{"level":"error","error":"driver: bad connection","time":"2023-06-21T16:03:54+07:00","message":"error exec context : driver: bad connection"}
{"level":"error","error":"driver: bad connection","time":"2023-06-21T16:03:54+07:00","message":"error"}
{"level":"error","error":"invalid connection","time":"2023-06-21T16:03:54+07:00","message":"error in rollback"}
{"level":"error","error":"driver: bad connection","time":"2023-06-21T16:03:54+07:00","message":"error exec context : driver: bad connection"}
{"level":"error","error":"driver: bad connection","time":"2023-06-21T16:03:54+07:00","message":"error"}
{"level":"error","error":"invalid connection","time":"2023-06-21T16:03:54+07:00","message":"error in rollback"}
{"level":"error","error":"driver: bad connection","time":"2023-06-21T16:03:54+07:00","message":"error exec context : driver: bad connection"}
{"level":"error","error":"driver: bad connection","time":"2023-06-21T16:03:54+07:00","message":"error"}
{"level":"error","error":"invalid connection","time":"2023-06-21T16:03:54+07:00","message":"error in rollback"}
{"level":"error","error":"driver: bad connection","time":"2023-06-21T16:03:54+07:00","message":"error exec context : driver: bad connection"}
{"level":"error","error":"driver: bad connection","time":"2023-06-21T16:03:54+07:00","message":"error"}
{"level":"error","error":"invalid connection","time":"2023-06-21T16:03:54+07:00","message":"error in rollback"}
{"level":"error","error":"driver: bad connection","time":"2023-06-21T16:03:54+07:00","message":"error exec context : driver: bad connection"}
{"level":"error","error":"driver: bad connection","time":"2023-06-21T16:03:54+07:00","message":"error"}
{"level":"error","error":"invalid connection","time":"2023-06-21T16:03:54+07:00","message":"error in rollback"}
{"level":"info","fileLogging":true,"jsonLogOutput":true,"logDirectory":"/home/ibanrama/Documents/Developments/golang/dev/src/technical-test-pt-zahir-international/internal/logs","fileName":"logging.log","maxSizeMB":200000000,"maxBackups":2000,"maxAgeInDays":2000,"time":"2023-06-21T16:04:27+07:00","message":"logging configured"}
{"level":"info","time":"2023-06-21T16:04:27+07:00","message":"mysql started"}
{"level":"info","fileLogging":true,"jsonLogOutput":true,"logDirectory":"/home/ibanrama/Documents/Developments/golang/dev/src/technical-test-pt-zahir-international/internal/logs","fileName":"logging.log","maxSizeMB":200000000,"maxBackups":2000,"maxAgeInDays":2000,"time":"2023-06-21T16:06:15+07:00","message":"logging configured"}
{"level":"info","time":"2023-06-21T16:06:15+07:00","message":"mysql started"}
{"level":"error","error":"404: %!d(string=profile not found)","time":"2023-06-21T16:06:21+07:00","message":"error"}
{"level":"error","error":"404: %!d(string=profile not found)","time":"2023-06-21T16:06:22+07:00","message":"error"}
{"level":"info","fileLogging":true,"jsonLogOutput":true,"logDirectory":"/home/ibanrama/Documents/Developments/golang/dev/src/technical-test-pt-zahir-international/internal/logs","fileName":"logging.log","maxSizeMB":200000000,"maxBackups":2000,"maxAgeInDays":2000,"time":"2023-06-21T16:07:20+07:00","message":"logging configured"}
{"level":"info","time":"2023-06-21T16:07:20+07:00","message":"mysql started"}
{"level":"error","error":"driver: bad connection","time":"2023-06-21T16:07:21+07:00","message":"error exec context : driver: bad connection"}
{"level":"error","error":"driver: bad connection","time":"2023-06-21T16:07:21+07:00","message":"error"}
{"level":"error","error":"invalid connection","time":"2023-06-21T16:07:21+07:00","message":"error in rollback"}
{"level":"info","fileLogging":true,"jsonLogOutput":true,"logDirectory":"/home/ibanrama/Documents/Developments/golang/dev/src/technical-test-pt-zahir-international/internal/logs","fileName":"logging.log","maxSizeMB":200000000,"maxBackups":2000,"maxAgeInDays":2000,"time":"2023-06-21T16:07:29+07:00","message":"logging configured"}
{"level":"info","time":"2023-06-21T16:07:29+07:00","message":"mysql started"}
{"level":"error","error":"driver: bad connection","time":"2023-06-21T16:07:30+07:00","message":"error exec context : driver: bad connection"}
{"level":"error","error":"driver: bad connection","time":"2023-06-21T16:07:30+07:00","message":"error"}
{"level":"error","error":"invalid connection","time":"2023-06-21T16:07:30+07:00","message":"error in rollback"}
{"level":"info","fileLogging":true,"jsonLogOutput":true,"logDirectory":"/home/ibanrama/Documents/Developments/golang/dev/src/technical-test-pt-zahir-international/internal/logs","fileName":"logging.log","maxSizeMB":200000000,"maxBackups":2000,"maxAgeInDays":2000,"time":"2023-06-21T16:07:54+07:00","message":"logging configured"}
{"level":"info","time":"2023-06-21T16:07:54+07:00","message":"mysql started"}
{"level":"error","error":"driver: bad connection","time":"2023-06-21T16:07:55+07:00","message":"error exec context : driver: bad connection"}
{"level":"error","error":"driver: bad connection","time":"2023-06-21T16:07:55+07:00","message":"error"}
{"level":"error","error":"invalid connection","time":"2023-06-21T16:07:55+07:00","message":"error in rollback"}
{"level":"info","fileLogging":true,"jsonLogOutput":true,"logDirectory":"/home/ibanrama/Documents/Developments/golang/dev/src/technical-test-pt-zahir-international/internal/logs","fileName":"logging.log","maxSizeMB":200000000,"maxBackups":2000,"maxAgeInDays":2000,"time":"2023-06-21T16:08:36+07:00","message":"logging configured"}
{"level":"info","time":"2023-06-21T16:08:36+07:00","message":"mysql started"}
{"level":"error","error":"driver: bad connection","time":"2023-06-21T16:08:38+07:00","message":"error query context : driver: bad connection"}
{"level":"error","error":"driver: bad connection","time":"2023-06-21T16:08:38+07:00","message":"error"}
{"level":"error","error":"invalid connection","time":"2023-06-21T16:08:38+07:00","message":"error in rollback"}
{"level":"error","error":"driver: bad connection","time":"2023-06-21T16:08:38+07:00","message":"error query context : driver: bad connection"}
{"level":"error","error":"driver: bad connection","time":"2023-06-21T16:08:38+07:00","message":"error"}
{"level":"error","error":"invalid connection","time":"2023-06-21T16:08:38+07:00","message":"error in rollback"}
{"level":"info","fileLogging":true,"jsonLogOutput":true,"logDirectory":"/home/ibanrama/Documents/Developments/golang/dev/src/technical-test-pt-zahir-international/internal/logs","fileName":"logging.log","maxSizeMB":200000000,"maxBackups":2000,"maxAgeInDays":2000,"time":"2023-06-21T16:10:08+07:00","message":"logging configured"}
{"level":"info","time":"2023-06-21T16:10:08+07:00","message":"mysql started"}
{"level":"error","error":"400: map[%!d(string=email):map[%!d(string=unique):%!d(string=email is alvailable)]]","time":"2023-06-21T16:10:23+07:00","message":"error"}
{"level":"info","fileLogging":true,"jsonLogOutput":true,"logDirectory":"/home/ibanrama/Documents/Developments/golang/dev/src/technical-test-pt-zahir-international/internal/logs","fileName":"logging.log","maxSizeMB":200000000,"maxBackups":2000,"maxAgeInDays":2000,"time":"2023-06-21T16:10:39+07:00","message":"logging configured"}
{"level":"info","time":"2023-06-21T16:10:39+07:00","message":"mysql started"}
{"level":"error","error":"sql: expected 1 arguments, got 2","time":"2023-06-21T16:10:40+07:00","message":"error query context : sql: expected 1 arguments, got 2"}
{"level":"error","error":"sql: expected 1 arguments, got 2","time":"2023-06-21T16:10:40+07:00","message":"error"}
{"level":"info","fileLogging":true,"jsonLogOutput":true,"logDirectory":"/home/ibanrama/Documents/Developments/golang/dev/src/technical-test-pt-zahir-international/internal/logs","fileName":"logging.log","maxSizeMB":200000000,"maxBackups":2000,"maxAgeInDays":2000,"time":"2023-06-21T16:10:47+07:00","message":"logging configured"}
{"level":"info","time":"2023-06-21T16:10:47+07:00","message":"mysql started"}
{"level":"info","fileLogging":true,"jsonLogOutput":true,"logDirectory":"/home/ibanrama/Documents/Developments/golang/dev/src/technical-test-pt-zahir-international/internal/logs","fileName":"logging.log","maxSizeMB":200000000,"maxBackups":2000,"maxAgeInDays":2000,"time":"2023-06-21T16:12:06+07:00","message":"logging configured"}
{"level":"info","time":"2023-06-21T16:12:06+07:00","message":"mysql started"}
{"level":"info","fileLogging":true,"jsonLogOutput":true,"logDirectory":"/home/ibanrama/Documents/Developments/golang/dev/src/technical-test-pt-zahir-international/internal/logs","fileName":"logging.log","maxSizeMB":200000000,"maxBackups":2000,"maxAgeInDays":2000,"time":"2023-06-21T16:12:55+07:00","message":"logging configured"}
{"level":"info","time":"2023-06-21T16:12:55+07:00","message":"mysql started"}
{"level":"info","fileLogging":true,"jsonLogOutput":true,"logDirectory":"/home/ibanrama/Documents/Developments/golang/dev/src/technical-test-pt-zahir-international/internal/logs","fileName":"logging.log","maxSizeMB":200000000,"maxBackups":2000,"maxAgeInDays":2000,"time":"2023-06-21T16:14:36+07:00","message":"logging configured"}
{"level":"info","time":"2023-06-21T16:14:36+07:00","message":"mysql started"}
{"level":"info","fileLogging":true,"jsonLogOutput":true,"logDirectory":"/home/ibanrama/Documents/Developments/golang/dev/src/technical-test-pt-zahir-international/internal/logs","fileName":"logging.log","maxSizeMB":200000000,"maxBackups":2000,"maxAgeInDays":2000,"time":"2023-06-21T16:16:14+07:00","message":"logging configured"}
{"level":"info","time":"2023-06-21T16:16:14+07:00","message":"mysql started"}
{"level":"info","fileLogging":true,"jsonLogOutput":true,"logDirectory":"/home/ibanrama/Documents/Developments/golang/dev/src/technical-test-pt-zahir-international/internal/logs","fileName":"logging.log","maxSizeMB":200000000,"maxBackups":2000,"maxAgeInDays":2000,"time":"2023-06-21T16:17:01+07:00","message":"logging configured"}
{"level":"info","time":"2023-06-21T16:17:01+07:00","message":"mysql started"}
{"level":"error","error":"400: map[%!d(string=email):map[%!d(string=unique):%!d(string=email is alvailable)]]","time":"2023-06-21T16:17:02+07:00","message":"error"}
{"level":"error","error":"400: map[%!d(string=email):map[%!d(string=unique):%!d(string=email is alvailable)]]","time":"2023-06-21T16:17:03+07:00","message":"error"}
{"level":"error","error":"400: map[%!d(string=email):map[%!d(string=unique):%!d(string=email is alvailable)]]","time":"2023-06-21T16:17:12+07:00","message":"error"}
{"level":"info","fileLogging":true,"jsonLogOutput":true,"logDirectory":"/home/ibanrama/Documents/Developments/golang/dev/src/technical-test-pt-zahir-international/internal/logs","fileName":"logging.log","maxSizeMB":200000000,"maxBackups":2000,"maxAgeInDays":2000,"time":"2023-06-21T16:19:38+07:00","message":"logging configured"}
{"level":"info","time":"2023-06-21T16:19:38+07:00","message":"mysql started"}
{"level":"warn","time":"2023-06-21T16:21:02+07:00","message":"cannot parser : Unprocessable Entity"}
{"level":"info","fileLogging":true,"jsonLogOutput":true,"logDirectory":"/home/ibanrama/Documents/Developments/golang/dev/src/technical-test-pt-zahir-international/internal/logs","fileName":"logging.log","maxSizeMB":200000000,"maxBackups":2000,"maxAgeInDays":2000,"time":"2023-06-21T16:21:13+07:00","message":"logging configured"}
{"level":"info","time":"2023-06-21T16:21:13+07:00","message":"mysql started"}
{"level":"info","fileLogging":true,"jsonLogOutput":true,"logDirectory":"/home/ibanrama/Documents/Developments/golang/dev/src/technical-test-pt-zahir-international/internal/logs","fileName":"logging.log","maxSizeMB":200000000,"maxBackups":2000,"maxAgeInDays":2000,"time":"2023-06-21T16:29:03+07:00","message":"logging configured"}
{"level":"info","time":"2023-06-21T16:29:03+07:00","message":"mysql started"}
{"level":"error","error":"404: %!d(string=profile not found)","time":"2023-06-21T16:29:09+07:00","message":"error"}
{"level":"info","fileLogging":true,"jsonLogOutput":true,"logDirectory":"/home/ibanrama/Documents/Developments/golang/dev/src/technical-test-pt-zahir-international/internal/logs","fileName":"logging.log","maxSizeMB":200000000,"maxBackups":2000,"maxAgeInDays":2000,"time":"2023-06-21T16:31:03+07:00","message":"logging configured"}
{"level":"info","time":"2023-06-21T16:31:03+07:00","message":"mysql started"}
{"level":"error","error":"400: map[%!d(string=email):map[%!d(string=unique):%!d(string=email is alvailable)]]","time":"2023-06-21T16:31:05+07:00","message":"error"}
{"level":"info","fileLogging":true,"jsonLogOutput":true,"logDirectory":"/home/ibanrama/Documents/Developments/golang/dev/src/technical-test-pt-zahir-international/internal/logs","fileName":"logging.log","maxSizeMB":200000000,"maxBackups":2000,"maxAgeInDays":2000,"time":"2023-06-21T16:31:54+07:00","message":"logging configured"}
{"level":"info","time":"2023-06-21T16:31:54+07:00","message":"mysql started"}
{"level":"info","fileLogging":true,"jsonLogOutput":true,"logDirectory":"/home/ibanrama/Documents/Developments/golang/dev/src/technical-test-pt-zahir-international/internal/logs","fileName":"logging.log","maxSizeMB":200000000,"maxBackups":2000,"maxAgeInDays":2000,"time":"2023-06-21T16:32:44+07:00","message":"logging configured"}
{"level":"info","time":"2023-06-21T16:32:44+07:00","message":"mysql started"}
{"level":"error","error":"400: map[%!d(string=email):map[%!d(string=unique):%!d(string=email is alvailable)]]","time":"2023-06-21T16:32:52+07:00","message":"error"}
{"level":"info","fileLogging":true,"jsonLogOutput":true,"logDirectory":"/home/ibanrama/Documents/Developments/golang/dev/src/technical-test-pt-zahir-international/internal/logs","fileName":"logging.log","maxSizeMB":200000000,"maxBackups":2000,"maxAgeInDays":2000,"time":"2023-06-21T16:33:02+07:00","message":"logging configured"}
{"level":"info","time":"2023-06-21T16:33:02+07:00","message":"mysql started"}
{"level":"info","fileLogging":true,"jsonLogOutput":true,"logDirectory":"/home/ibanrama/Documents/Developments/golang/dev/src/technical-test-pt-zahir-international/internal/logs","fileName":"logging.log","maxSizeMB":200000000,"maxBackups":2000,"maxAgeInDays":2000,"time":"2023-06-21T16:33:43+07:00","message":"logging configured"}
{"level":"info","time":"2023-06-21T16:33:43+07:00","message":"mysql started"}
{"level":"info","fileLogging":true,"jsonLogOutput":true,"logDirectory":"/home/ibanrama/Documents/Developments/golang/dev/src/technical-test-pt-zahir-international/internal/logs","fileName":"logging.log","maxSizeMB":200000000,"maxBackups":2000,"maxAgeInDays":2000,"time":"2023-06-21T16:34:28+07:00","message":"logging configured"}
{"level":"info","time":"2023-06-21T16:34:28+07:00","message":"mysql started"}
{"level":"error","error":"404: %!d(string=profile not found)","time":"2023-06-21T16:36:05+07:00","message":"error"}
{"level":"error","error":"400: map[%!d(string=email):map[%!d(string=unique):%!d(string=email is alvailable)]]","time":"2023-06-21T16:36:13+07:00","message":"error"}
{"level":"error","error":"400: map[%!d(string=email):map[%!d(string=unique):%!d(string=email is alvailable)]]","time":"2023-06-21T16:41:06+07:00","message":"error"}
{"level":"info","fileLogging":true,"jsonLogOutput":true,"logDirectory":"/home/ibanrama/Documents/Developments/golang/dev/src/technical-test-pt-zahir-international/internal/logs","fileName":"logging.log","maxSizeMB":200000000,"maxBackups":2000,"maxAgeInDays":2000,"time":"2023-06-21T16:42:08+07:00","message":"logging configured"}
{"level":"info","time":"2023-06-21T16:42:08+07:00","message":"mysql started"}
{"level":"error","error":"400: map[%!d(string=email):map[%!d(string=unique):%!d(string=email is alvailable)]]","time":"2023-06-21T16:43:58+07:00","message":"error"}
{"level":"error","error":"400: map[%!d(string=email):map[%!d(string=unique):%!d(string=email is alvailable)]]","time":"2023-06-21T16:46:01+07:00","message":"error"}
{"level":"info","fileLogging":true,"jsonLogOutput":true,"logDirectory":"/home/ibanrama/Documents/Developments/golang/dev/src/technical-test-pt-zahir-international/internal/logs","fileName":"logging.log","maxSizeMB":200000000,"maxBackups":2000,"maxAgeInDays":2000,"time":"2023-06-21T16:49:18+07:00","message":"logging configured"}
{"level":"info","time":"2023-06-21T16:49:18+07:00","message":"mysql started"}
{"level":"info","fileLogging":true,"jsonLogOutput":true,"logDirectory":"/home/ibanrama/Documents/Developments/golang/dev/src/technical-test-pt-zahir-international/internal/logs","fileName":"logging.log","maxSizeMB":200000000,"maxBackups":2000,"maxAgeInDays":2000,"time":"2023-06-21T17:02:18+07:00","message":"logging configured"}
{"level":"info","time":"2023-06-21T17:02:18+07:00","message":"mysql started"}
{"level":"fatal","time":"2023-06-21T17:02:21+07:00","message":"error exec context : Error 1292 (22007): Incorrect datetime value: '2023-06-21T17:02:21+07:00' for column `technical_test_pt_zahir_international`.`profiles`.`created_at` at row 1"}
{"level":"info","fileLogging":true,"jsonLogOutput":true,"logDirectory":"/home/ibanrama/Documents/Developments/golang/dev/src/technical-test-pt-zahir-international/internal/logs","fileName":"logging.log","maxSizeMB":200000000,"maxBackups":2000,"maxAgeInDays":2000,"time":"2023-06-21T17:03:18+07:00","message":"logging configured"}
{"level":"info","time":"2023-06-21T17:03:18+07:00","message":"mysql started"}
{"level":"info","fileLogging":true,"jsonLogOutput":true,"logDirectory":"/home/ibanrama/Documents/Developments/golang/dev/src/technical-test-pt-zahir-international/internal/logs","fileName":"logging.log","maxSizeMB":200000000,"maxBackups":2000,"maxAgeInDays":2000,"time":"2023-06-21T17:04:35+07:00","message":"logging configured"}
{"level":"info","time":"2023-06-21T17:04:35+07:00","message":"mysql started"}
{"level":"info","fileLogging":true,"jsonLogOutput":true,"logDirectory":"/home/ibanrama/Documents/Developments/golang/dev/src/technical-test-pt-zahir-international/internal/logs","fileName":"logging.log","maxSizeMB":200000000,"maxBackups":2000,"maxAgeInDays":2000,"time":"2023-06-21T17:04:45+07:00","message":"logging configured"}
{"level":"info","time":"2023-06-21T17:04:45+07:00","message":"mysql started"}
{"level":"info","fileLogging":true,"jsonLogOutput":true,"logDirectory":"/home/ibanrama/Documents/Developments/golang/dev/src/technical-test-pt-zahir-international/internal/logs","fileName":"logging.log","maxSizeMB":200000000,"maxBackups":2000,"maxAgeInDays":2000,"time":"2023-06-21T17:04:52+07:00","message":"logging configured"}
{"level":"info","time":"2023-06-21T17:04:52+07:00","message":"mysql started"}
{"level":"info","fileLogging":true,"jsonLogOutput":true,"logDirectory":"/home/ibanrama/Documents/Developments/golang/dev/src/technical-test-pt-zahir-international/internal/logs","fileName":"logging.log","maxSizeMB":200000000,"maxBackups":2000,"maxAgeInDays":2000,"time":"2023-06-21T17:06:36+07:00","message":"logging configured"}
{"level":"info","time":"2023-06-21T17:06:36+07:00","message":"mysql started"}
{"level":"error","error":"400: map[%!d(string=email):map[%!d(string=unique):%!d(string=email is alvailable)]]","time":"2023-06-21T17:07:09+07:00","message":"error"}
{"level":"error","error":"400: map[%!d(string=email):map[%!d(string=unique):%!d(string=email is alvailable)]]","time":"2023-06-21T17:07:34+07:00","message":"error"}
{"level":"info","fileLogging":true,"jsonLogOutput":true,"logDirectory":"/home/ibanrama/Documents/Developments/golang/dev/src/technical-test-pt-zahir-international/internal/logs","fileName":"logging.log","maxSizeMB":200000000,"maxBackups":2000,"maxAgeInDays":2000,"time":"2023-06-21T20:31:38+07:00","message":"logging configured"}
{"level":"info","time":"2023-06-21T20:31:38+07:00","message":"mysql started"}
{"level":"info","fileLogging":true,"jsonLogOutput":true,"logDirectory":"/home/ibanrama/Documents/Developments/golang/dev/src/technical-test-pt-zahir-international/internal/logs","fileName":"logging.log","maxSizeMB":200000000,"maxBackups":2000,"maxAgeInDays":2000,"time":"2023-06-21T20:32:05+07:00","message":"logging configured"}
{"level":"info","time":"2023-06-21T20:32:05+07:00","message":"mysql started"}
{"level":"info","fileLogging":true,"jsonLogOutput":true,"logDirectory":"/home/ibanrama/Documents/Developments/golang/dev/src/technical-test-pt-zahir-international/internal/logs","fileName":"logging.log","maxSizeMB":200000000,"maxBackups":2000,"maxAgeInDays":2000,"time":"2023-06-21T20:32:36+07:00","message":"logging configured"}
{"level":"info","time":"2023-06-21T20:32:36+07:00","message":"mysql started"}
{"level":"info","fileLogging":true,"jsonLogOutput":true,"logDirectory":"/home/ibanrama/Documents/Developments/golang/dev/src/technical-test-pt-zahir-international/internal/logs","fileName":"logging.log","maxSizeMB":200000000,"maxBackups":2000,"maxAgeInDays":2000,"time":"2023-06-21T20:33:10+07:00","message":"logging configured"}
{"level":"info","time":"2023-06-21T20:33:10+07:00","message":"mysql started"}
{"level":"info","fileLogging":true,"jsonLogOutput":true,"logDirectory":"/home/ibanrama/Documents/Developments/golang/dev/src/technical-test-pt-zahir-international/internal/logs","fileName":"logging.log","maxSizeMB":200000000,"maxBackups":2000,"maxAgeInDays":2000,"time":"2023-06-21T20:34:22+07:00","message":"logging configured"}
{"level":"info","time":"2023-06-21T20:34:22+07:00","message":"mysql started"}
{"level":"info","fileLogging":true,"jsonLogOutput":true,"logDirectory":"/home/ibanrama/Documents/Developments/golang/dev/src/technical-test-pt-zahir-international/internal/logs","fileName":"logging.log","maxSizeMB":200000000,"maxBackups":2000,"maxAgeInDays":2000,"time":"2023-06-21T20:34:40+07:00","message":"logging configured"}
{"level":"info","time":"2023-06-21T20:34:40+07:00","message":"mysql started"}
{"level":"info","fileLogging":true,"jsonLogOutput":true,"logDirectory":"/home/ibanrama/Documents/Developments/golang/dev/src/technical-test-pt-zahir-international/internal/logs","fileName":"logging.log","maxSizeMB":200000000,"maxBackups":2000,"maxAgeInDays":2000,"time":"2023-06-21T20:34:58+07:00","message":"logging configured"}
{"level":"info","time":"2023-06-21T20:34:58+07:00","message":"mysql started"}
{"level":"info","fileLogging":true,"jsonLogOutput":true,"logDirectory":"/home/ibanrama/Documents/Developments/golang/dev/src/technical-test-pt-zahir-international/internal/logs","fileName":"logging.log","maxSizeMB":200000000,"maxBackups":2000,"maxAgeInDays":2000,"time":"2023-06-21T20:35:16+07:00","message":"logging configured"}
{"level":"info","time":"2023-06-21T20:35:16+07:00","message":"mysql started"}
{"level":"info","fileLogging":true,"jsonLogOutput":true,"logDirectory":"/home/ibanrama/Documents/Developments/golang/dev/src/technical-test-pt-zahir-international/internal/logs","fileName":"logging.log","maxSizeMB":200000000,"maxBackups":2000,"maxAgeInDays":2000,"time":"2023-06-21T20:36:12+07:00","message":"logging configured"}
{"level":"info","time":"2023-06-21T20:36:12+07:00","message":"mysql started"}
{"level":"info","fileLogging":true,"jsonLogOutput":true,"logDirectory":"/home/ibanrama/Documents/Developments/golang/dev/src/technical-test-pt-zahir-international/internal/logs","fileName":"logging.log","maxSizeMB":200000000,"maxBackups":2000,"maxAgeInDays":2000,"time":"2023-06-21T20:36:51+07:00","message":"logging configured"}
{"level":"info","time":"2023-06-21T20:36:51+07:00","message":"mysql started"}
{"level":"info","fileLogging":true,"jsonLogOutput":true,"logDirectory":"/home/ibanrama/Documents/Developments/golang/dev/src/technical-test-pt-zahir-international/internal/logs","fileName":"logging.log","maxSizeMB":200000000,"maxBackups":2000,"maxAgeInDays":2000,"time":"2023-06-21T20:37:57+07:00","message":"logging configured"}
{"level":"info","time":"2023-06-21T20:37:57+07:00","message":"mysql started"}
{"level":"info","fileLogging":true,"jsonLogOutput":true,"logDirectory":"/home/ibanrama/Documents/Developments/golang/dev/src/technical-test-pt-zahir-international/internal/logs","fileName":"logging.log","maxSizeMB":200000000,"maxBackups":2000,"maxAgeInDays":2000,"time":"2023-06-21T20:38:14+07:00","message":"logging configured"}
{"level":"info","time":"2023-06-21T20:38:14+07:00","message":"mysql started"}
{"level":"info","fileLogging":true,"jsonLogOutput":true,"logDirectory":"/home/ibanrama/Documents/Developments/golang/dev/src/technical-test-pt-zahir-international/internal/logs","fileName":"logging.log","maxSizeMB":200000000,"maxBackups":2000,"maxAgeInDays":2000,"time":"2023-06-21T20:38:31+07:00","message":"logging configured"}
{"level":"info","time":"2023-06-21T20:38:31+07:00","message":"mysql started"}
{"level":"error","error":"400: map[%!d(string=email):map[%!d(string=unique):%!d(string=email is alvailable)]]","time":"2023-06-21T20:39:20+07:00","message":"error"}
{"level":"info","fileLogging":true,"jsonLogOutput":true,"logDirectory":"/home/ibanrama/Documents/Developments/golang/dev/src/technical-test-pt-zahir-international/internal/logs","fileName":"logging.log","maxSizeMB":200000000,"maxBackups":2000,"maxAgeInDays":2000,"time":"2023-06-21T20:40:24+07:00","message":"logging configured"}
{"level":"info","time":"2023-06-21T20:40:24+07:00","message":"mysql started"}
{"level":"info","fileLogging":true,"jsonLogOutput":true,"logDirectory":"/home/ibanrama/Documents/Developments/golang/dev/src/technical-test-pt-zahir-international/internal/logs","fileName":"logging.log","maxSizeMB":200000000,"maxBackups":2000,"maxAgeInDays":2000,"time":"2023-06-21T20:41:30+07:00","message":"logging configured"}
{"level":"info","time":"2023-06-21T20:41:30+07:00","message":"mysql started"}
{"level":"info","fileLogging":true,"jsonLogOutput":true,"logDirectory":"/home/ibanrama/Documents/Developments/golang/dev/src/technical-test-pt-zahir-international/internal/logs","fileName":"logging.log","maxSizeMB":200000000,"maxBackups":2000,"maxAgeInDays":2000,"time":"2023-06-21T20:44:20+07:00","message":"logging configured"}
{"level":"info","time":"2023-06-21T20:44:20+07:00","message":"mysql started"}
{"level":"error","error":"400: map[%!d(string=email):map[%!d(string=unique):%!d(string=email is alvailable)]]","time":"2023-06-21T20:44:34+07:00","message":"error"}
{"level":"info","fileLogging":true,"jsonLogOutput":true,"logDirectory":"/home/ibanrama/Documents/Developments/golang/dev/src/technical-test-pt-zahir-international/internal/logs","fileName":"logging.log","maxSizeMB":200000000,"maxBackups":2000,"maxAgeInDays":2000,"time":"2023-06-21T20:47:33+07:00","message":"logging configured"}
{"level":"info","time":"2023-06-21T20:47:33+07:00","message":"mysql started"}
{"level":"info","fileLogging":true,"jsonLogOutput":true,"logDirectory":"/home/ibanrama/Documents/Developments/golang/dev/src/technical-test-pt-zahir-international/internal/logs","fileName":"logging.log","maxSizeMB":200000000,"maxBackups":2000,"maxAgeInDays":2000,"time":"2023-06-21T20:50:09+07:00","message":"logging configured"}
{"level":"info","time":"2023-06-21T20:50:09+07:00","message":"mysql started"}
{"level":"error","error":"Error 1064 (42000): You have an error in your SQL syntax; check the manual that corresponds to your MariaDB server version for the right syntax to use near '? limit ? offset ?' at line 1","time":"2023-06-21T20:50:20+07:00","message":"cannot query"}
{"level":"info","fileLogging":true,"jsonLogOutput":true,"logDirectory":"/home/ibanrama/Documents/Developments/golang/dev/src/technical-test-pt-zahir-international/internal/logs","fileName":"logging.log","maxSizeMB":200000000,"maxBackups":2000,"maxAgeInDays":2000,"time":"2023-06-21T20:51:41+07:00","message":"logging configured"}
{"level":"info","time":"2023-06-21T20:51:41+07:00","message":"mysql started"}
{"level":"error","error":"Error 1064 (42000): You have an error in your SQL syntax; check the manual that corresponds to your MariaDB server version for the right syntax to use near '? limit ? offset ?' at line 1","time":"2023-06-21T20:51:43+07:00","message":"cannot query"}
{"level":"error","error":"Error 1064 (42000): You have an error in your SQL syntax; check the manual that corresponds to your MariaDB server version for the right syntax to use near '? limit ? offset ?' at line 1","time":"2023-06-21T20:51:53+07:00","message":"cannot query"}
{"level":"error","error":"Error 1064 (42000): You have an error in your SQL syntax; check the manual that corresponds to your MariaDB server version for the right syntax to use near '? limit ? offset ?' at line 1","time":"2023-06-21T20:51:54+07:00","message":"cannot query"}
{"level":"info","fileLogging":true,"jsonLogOutput":true,"logDirectory":"/home/ibanrama/Documents/Developments/golang/dev/src/technical-test-pt-zahir-international/internal/logs","fileName":"logging.log","maxSizeMB":200000000,"maxBackups":2000,"maxAgeInDays":2000,"time":"2023-06-21T20:52:11+07:00","message":"logging configured"}
{"level":"info","time":"2023-06-21T20:52:11+07:00","message":"mysql started"}
{"level":"error","error":"Error 1064 (42000): You have an error in your SQL syntax; check the manual that corresponds to your MariaDB server version for the right syntax to use near '? limit ? offset ?' at line 1","time":"2023-06-21T20:52:12+07:00","message":"cannot query"}
{"level":"info","fileLogging":true,"jsonLogOutput":true,"logDirectory":"/home/ibanrama/Documents/Developments/golang/dev/src/technical-test-pt-zahir-international/internal/logs","fileName":"logging.log","maxSizeMB":200000000,"maxBackups":2000,"maxAgeInDays":2000,"time":"2023-06-21T20:52:22+07:00","message":"logging configured"}
{"level":"info","time":"2023-06-21T20:52:22+07:00","message":"mysql started"}
{"level":"info","fileLogging":true,"jsonLogOutput":true,"logDirectory":"/home/ibanrama/Documents/Developments/golang/dev/src/technical-test-pt-zahir-international/internal/logs","fileName":"logging.log","maxSizeMB":200000000,"maxBackups":2000,"maxAgeInDays":2000,"time":"2023-06-21T20:52:37+07:00","message":"logging configured"}
{"level":"info","time":"2023-06-21T20:52:37+07:00","message":"mysql started"}
{"level":"info","fileLogging":true,"jsonLogOutput":true,"logDirectory":"/home/ibanrama/Documents/Developments/golang/dev/src/technical-test-pt-zahir-international/internal/logs","fileName":"logging.log","maxSizeMB":200000000,"maxBackups":2000,"maxAgeInDays":2000,"time":"2023-06-21T20:53:37+07:00","message":"logging configured"}
{"level":"info","time":"2023-06-21T20:53:37+07:00","message":"mysql started"}
{"level":"info","fileLogging":true,"jsonLogOutput":true,"logDirectory":"/home/ibanrama/Documents/Developments/golang/dev/src/technical-test-pt-zahir-international/internal/logs","fileName":"logging.log","maxSizeMB":200000000,"maxBackups":2000,"maxAgeInDays":2000,"time":"2023-06-21T21:41:52+07:00","message":"logging configured"}
{"level":"info","time":"2023-06-21T21:41:52+07:00","message":"mysql started"}
{"level":"error","error":"Error 1054 (42S22): Unknown column 'created' in 'where clause'","time":"2023-06-21T21:42:11+07:00","message":"cannot query"}
{"level":"info","fileLogging":true,"jsonLogOutput":true,"logDirectory":"/home/ibanrama/Documents/Developments/golang/dev/src/technical-test-pt-zahir-international/internal/logs","fileName":"logging.log","maxSizeMB":200000000,"maxBackups":2000,"maxAgeInDays":2000,"time":"2023-06-21T21:42:20+07:00","message":"logging configured"}
{"level":"info","time":"2023-06-21T21:42:20+07:00","message":"mysql started"}
{"level":"info","fileLogging":true,"jsonLogOutput":true,"logDirectory":"/home/ibanrama/Documents/Developments/golang/dev/src/technical-test-pt-zahir-international/internal/logs","fileName":"logging.log","maxSizeMB":200000000,"maxBackups":2000,"maxAgeInDays":2000,"time":"2023-06-21T21:42:45+07:00","message":"logging configured"}
{"level":"info","time":"2023-06-21T21:42:45+07:00","message":"mysql started"}
{"level":"info","fileLogging":true,"jsonLogOutput":true,"logDirectory":"/home/ibanrama/Documents/Developments/golang/dev/src/technical-test-pt-zahir-international/internal/logs","fileName":"logging.log","maxSizeMB":200000000,"maxBackups":2000,"maxAgeInDays":2000,"time":"2023-06-21T21:43:08+07:00","message":"logging configured"}
{"level":"info","time":"2023-06-21T21:43:08+07:00","message":"mysql started"}
{"level":"info","fileLogging":true,"jsonLogOutput":true,"logDirectory":"/home/ibanrama/Documents/Developments/golang/dev/src/technical-test-pt-zahir-international/internal/logs","fileName":"logging.log","maxSizeMB":200000000,"maxBackups":2000,"maxAgeInDays":2000,"time":"2023-06-21T21:43:40+07:00","message":"logging configured"}
{"level":"info","time":"2023-06-21T21:43:40+07:00","message":"mysql started"}
{"level":"info","fileLogging":true,"jsonLogOutput":true,"logDirectory":"/home/ibanrama/Documents/Developments/golang/dev/src/technical-test-pt-zahir-international/internal/logs","fileName":"logging.log","maxSizeMB":200000000,"maxBackups":2000,"maxAgeInDays":2000,"time":"2023-06-21T21:44:05+07:00","message":"logging configured"}
{"level":"info","time":"2023-06-21T21:44:05+07:00","message":"mysql started"}
{"level":"info","fileLogging":true,"jsonLogOutput":true,"logDirectory":"/home/ibanrama/Documents/Developments/golang/dev/src/technical-test-pt-zahir-international/internal/logs","fileName":"logging.log","maxSizeMB":200000000,"maxBackups":2000,"maxAgeInDays":2000,"time":"2023-06-21T21:45:28+07:00","message":"logging configured"}
{"level":"info","time":"2023-06-21T21:45:28+07:00","message":"mysql started"}
{"level":"info","fileLogging":true,"jsonLogOutput":true,"logDirectory":"/home/ibanrama/Documents/Developments/golang/dev/src/technical-test-pt-zahir-international/internal/logs","fileName":"logging.log","maxSizeMB":200000000,"maxBackups":2000,"maxAgeInDays":2000,"time":"2023-06-21T21:45:43+07:00","message":"logging configured"}
{"level":"info","time":"2023-06-21T21:45:43+07:00","message":"mysql started"}
{"level":"error","error":"Error 1064 (42000): You have an error in your SQL syntax; check the manual that corresponds to your MariaDB server version for the right syntax to use near '13:41:43 ORDER BY created_at ASC limit ? offset ?' at line 1","time":"2023-06-21T21:45:45+07:00","message":"cannot query"}
{"level":"info","fileLogging":true,"jsonLogOutput":true,"logDirectory":"/home/ibanrama/Documents/Developments/golang/dev/src/technical-test-pt-zahir-international/internal/logs","fileName":"logging.log","maxSizeMB":200000000,"maxBackups":2000,"maxAgeInDays":2000,"time":"2023-06-21T21:45:54+07:00","message":"logging configured"}
{"level":"info","time":"2023-06-21T21:45:54+07:00","message":"mysql started"}
{"level":"info","fileLogging":true,"jsonLogOutput":true,"logDirectory":"/home/ibanrama/Documents/Developments/golang/dev/src/technical-test-pt-zahir-international/internal/logs","fileName":"logging.log","maxSizeMB":200000000,"maxBackups":2000,"maxAgeInDays":2000,"time":"2023-06-21T21:46:03+07:00","message":"logging configured"}
{"level":"info","time":"2023-06-21T21:46:03+07:00","message":"mysql started"}
{"level":"info","fileLogging":true,"jsonLogOutput":true,"logDirectory":"/home/ibanrama/Documents/Developments/golang/dev/src/technical-test-pt-zahir-international/internal/logs","fileName":"logging.log","maxSizeMB":200000000,"maxBackups":2000,"maxAgeInDays":2000,"time":"2023-06-21T21:46:09+07:00","message":"logging configured"}
{"level":"info","time":"2023-06-21T21:46:09+07:00","message":"mysql started"}
{"level":"info","fileLogging":true,"jsonLogOutput":true,"logDirectory":"/home/ibanrama/Documents/Developments/golang/dev/src/technical-test-pt-zahir-international/internal/logs","fileName":"logging.log","maxSizeMB":200000000,"maxBackups":2000,"maxAgeInDays":2000,"time":"2023-06-21T21:47:26+07:00","message":"logging configured"}
{"level":"info","time":"2023-06-21T21:47:26+07:00","message":"mysql started"}
{"level":"error","error":"Error 1064 (42000): You have an error in your SQL syntax; check the manual that corresponds to your MariaDB server version for the right syntax to use near '(string=ASC) ORDER BY created_at %!s(MISSING) limit ? offset ?' at line 1","time":"2023-06-21T21:47:28+07:00","message":"cannot query"}
{"level":"info","fileLogging":true,"jsonLogOutput":true,"logDirectory":"/home/ibanrama/Documents/Developments/golang/dev/src/technical-test-pt-zahir-international/internal/logs","fileName":"logging.log","maxSizeMB":200000000,"maxBackups":2000,"maxAgeInDays":2000,"time":"2023-06-21T21:48:14+07:00","message":"logging configured"}
{"level":"info","time":"2023-06-21T21:48:14+07:00","message":"mysql started"}
{"level":"error","error":"Error 1064 (42000): You have an error in your SQL syntax; check the manual that corresponds to your MariaDB server version for the right syntax to use near 'ORDER BY created_at ASC limit ? offset ?' at line 1","time":"2023-06-21T21:48:15+07:00","message":"cannot query"}
{"level":"error","error":"Error 1064 (42000): You have an error in your SQL syntax; check the manual that corresponds to your MariaDB server version for the right syntax to use near 'ORDER BY created_at ASC limit ? offset ?' at line 1","time":"2023-06-21T21:48:16+07:00","message":"cannot query"}
{"level":"info","fileLogging":true,"jsonLogOutput":true,"logDirectory":"/home/ibanrama/Documents/Developments/golang/dev/src/technical-test-pt-zahir-international/internal/logs","fileName":"logging.log","maxSizeMB":200000000,"maxBackups":2000,"maxAgeInDays":2000,"time":"2023-06-21T21:48:34+07:00","message":"logging configured"}
{"level":"info","time":"2023-06-21T21:48:34+07:00","message":"mysql started"}
{"level":"info","fileLogging":true,"jsonLogOutput":true,"logDirectory":"/home/ibanrama/Documents/Developments/golang/dev/src/technical-test-pt-zahir-international/internal/logs","fileName":"logging.log","maxSizeMB":200000000,"maxBackups":2000,"maxAgeInDays":2000,"time":"2023-06-21T21:48:55+07:00","message":"logging configured"}
{"level":"info","time":"2023-06-21T21:48:55+07:00","message":"mysql started"}
{"level":"info","fileLogging":true,"jsonLogOutput":true,"logDirectory":"/home/ibanrama/Documents/Developments/golang/dev/src/technical-test-pt-zahir-international/internal/logs","fileName":"logging.log","maxSizeMB":200000000,"maxBackups":2000,"maxAgeInDays":2000,"time":"2023-06-21T21:49:05+07:00","message":"logging configured"}
{"level":"info","time":"2023-06-21T21:49:05+07:00","message":"mysql started"}
{"level":"info","fileLogging":true,"jsonLogOutput":true,"logDirectory":"/home/ibanrama/Documents/Developments/golang/dev/src/technical-test-pt-zahir-international/internal/logs","fileName":"logging.log","maxSizeMB":200000000,"maxBackups":2000,"maxAgeInDays":2000,"time":"2023-06-21T21:49:14+07:00","message":"logging configured"}
{"level":"info","time":"2023-06-21T21:49:14+07:00","message":"mysql started"}
{"level":"info","fileLogging":true,"jsonLogOutput":true,"logDirectory":"/home/ibanrama/Documents/Developments/golang/dev/src/technical-test-pt-zahir-international/internal/logs","fileName":"logging.log","maxSizeMB":200000000,"maxBackups":2000,"maxAgeInDays":2000,"time":"2023-06-21T21:49:26+07:00","message":"logging configured"}
{"level":"info","time":"2023-06-21T21:49:26+07:00","message":"mysql started"}
{"level":"info","fileLogging":true,"jsonLogOutput":true,"logDirectory":"/home/ibanrama/Documents/Developments/golang/dev/src/technical-test-pt-zahir-international/internal/logs","fileName":"logging.log","maxSizeMB":200000000,"maxBackups":2000,"maxAgeInDays":2000,"time":"2023-06-21T21:49:55+07:00","message":"logging configured"}
{"level":"info","time":"2023-06-21T21:49:55+07:00","message":"mysql started"}
{"level":"info","fileLogging":true,"jsonLogOutput":true,"logDirectory":"/home/ibanrama/Documents/Developments/golang/dev/src/technical-test-pt-zahir-international/internal/logs","fileName":"logging.log","maxSizeMB":200000000,"maxBackups":2000,"maxAgeInDays":2000,"time":"2023-06-21T21:50:06+07:00","message":"logging configured"}
{"level":"info","time":"2023-06-21T21:50:06+07:00","message":"mysql started"}
